0 info it worked if it ends with ok
1 verbose cli [ 'C:\\Program Files\\nodejs\\node.exe',
1 verbose cli   'C:\\Program Files\\nodejs\\node_modules\\npm\\bin\\npm-cli.js',
1 verbose cli   'install' ]
2 info using npm@3.10.10
3 info using node@v6.11.1
4 silly loadCurrentTree Starting
5 silly install loadCurrentTree
6 silly install readLocalPackageData
7 silly install normalizeTree
8 silly loadCurrentTree Finishing
9 silly loadIdealTree Starting
10 silly install loadIdealTree
11 silly cloneCurrentTree Starting
12 silly install cloneCurrentTreeToIdealTree
13 silly cloneCurrentTree Finishing
14 silly loadShrinkwrap Starting
15 silly install loadShrinkwrap
16 silly loadShrinkwrap Finishing
17 silly loadAllDepsIntoIdealTree Starting
18 silly install loadAllDepsIntoIdealTree
19 silly loadAllDepsIntoIdealTree Finishing
20 silly loadIdealTree Finishing
21 silly currentTree angular2-getting-started@1.0.0
21 silly currentTree +-- @angular/common@2.4.10
21 silly currentTree +-- @angular/compiler@2.4.10
21 silly currentTree +-- @angular/core@2.4.10
21 silly currentTree +-- @angular/forms@2.4.10
21 silly currentTree +-- @angular/http@2.4.10
21 silly currentTree +-- @angular/platform-browser-dynamic@2.4.10
21 silly currentTree +-- @angular/platform-browser@2.4.10
21 silly currentTree +-- @angular/router@3.4.10
21 silly currentTree +-- @angular/upgrade@2.4.10
21 silly currentTree +-- align-text@0.1.4
21 silly currentTree +-- alphanum-sort@1.0.2
21 silly currentTree +-- amdefine@1.0.1
21 silly currentTree +-- ansi-regex@0.2.1
21 silly currentTree +-- ansi-styles@1.1.0
21 silly currentTree +-- any-promise@1.3.0
21 silly currentTree +-- archy@1.0.0
21 silly currentTree +-- argparse@1.0.9
21 silly currentTree +-- arr-diff@2.0.0
21 silly currentTree +-- arr-flatten@1.1.0
21 silly currentTree +-- arr-union@3.1.0
21 silly currentTree +-- array-differ@1.0.0
21 silly currentTree +-- array-each@1.0.1
21 silly currentTree +-- array-slice@1.0.0
21 silly currentTree +-- array-union@1.0.2
21 silly currentTree +-- array-uniq@1.0.3
21 silly currentTree +-- array-unique@0.2.1
21 silly currentTree +-- arrify@1.0.1
21 silly currentTree +-- autoprefixer@6.7.7
21 silly currentTree +-- babel-code-frame@6.26.0
21 silly currentTree | +-- ansi-regex@2.1.1
21 silly currentTree | +-- ansi-styles@2.2.1
21 silly currentTree | +-- chalk@1.1.3
21 silly currentTree | +-- has-ansi@2.0.0
21 silly currentTree | +-- strip-ansi@3.0.1
21 silly currentTree | `-- supports-color@2.0.0
21 silly currentTree +-- babel-core@6.26.0
21 silly currentTree | `-- minimatch@3.0.4
21 silly currentTree +-- babel-generator@6.26.0
21 silly currentTree +-- babel-helper-hoist-variables@6.24.1
21 silly currentTree +-- babel-helpers@6.24.1
21 silly currentTree +-- babel-messages@6.23.0
21 silly currentTree +-- babel-plugin-syntax-dynamic-import@6.18.0
21 silly currentTree +-- babel-plugin-transform-amd-system-wrapper@0.3.7
21 silly currentTree +-- babel-plugin-transform-cjs-system-wrapper@0.6.2
21 silly currentTree +-- babel-plugin-transform-es2015-modules-systemjs@6.24.1
21 silly currentTree +-- babel-plugin-transform-global-system-wrapper@0.3.4
21 silly currentTree +-- babel-plugin-transform-system-register@0.0.1
21 silly currentTree +-- babel-register@6.26.0
21 silly currentTree +-- babel-runtime@6.26.0
21 silly currentTree +-- babel-template@6.26.0
21 silly currentTree +-- babel-traverse@6.26.0
21 silly currentTree +-- babel-types@6.26.0
21 silly currentTree +-- babylon@6.18.0
21 silly currentTree +-- balanced-match@1.0.0
21 silly currentTree +-- beeper@1.1.1
21 silly currentTree +-- bluebird@3.5.0
21 silly currentTree +-- bootstrap@3.3.7
21 silly currentTree +-- brace-expansion@1.1.8
21 silly currentTree +-- braces@1.8.5
21 silly currentTree +-- browserslist@1.7.7
21 silly currentTree +-- camelcase@1.2.1
21 silly currentTree +-- caniuse-api@1.6.1
21 silly currentTree +-- caniuse-db@1.0.30000721
21 silly currentTree +-- center-align@0.1.3
21 silly currentTree +-- chalk@0.5.1
21 silly currentTree | `-- supports-color@0.2.0
21 silly currentTree +-- clap@1.2.0
21 silly currentTree | +-- ansi-regex@2.1.1
21 silly currentTree | +-- ansi-styles@2.2.1
21 silly currentTree | +-- chalk@1.1.3
21 silly currentTree | +-- has-ansi@2.0.0
21 silly currentTree | +-- strip-ansi@3.0.1
21 silly currentTree | `-- supports-color@2.0.0
21 silly currentTree +-- cliui@2.1.0
21 silly currentTree +-- clone-buffer@1.0.0
21 silly currentTree +-- clone-stats@0.0.1
21 silly currentTree +-- clone@1.0.2
21 silly currentTree +-- cloneable-readable@1.0.0
21 silly currentTree +-- coa@1.0.4
21 silly currentTree +-- color-convert@1.9.0
21 silly currentTree +-- color-name@1.1.3
21 silly currentTree +-- color-string@0.3.0
21 silly currentTree +-- color@0.11.4
21 silly currentTree +-- colormin@1.1.2
21 silly currentTree +-- colors@1.1.2
21 silly currentTree +-- commander@2.6.0
21 silly currentTree +-- concat-map@0.0.1
21 silly currentTree +-- concat-with-sourcemaps@1.0.4
21 silly currentTree +-- concurrently@3.5.0
21 silly currentTree +-- convert-source-map@1.5.0
21 silly currentTree +-- core-js@2.5.1
21 silly currentTree +-- core-util-is@1.0.2
21 silly currentTree +-- css-color-names@0.0.4
21 silly currentTree +-- cssnano@3.10.0
21 silly currentTree | `-- object-assign@4.1.1
21 silly currentTree +-- csso@2.3.2
21 silly currentTree +-- d@1.0.0
21 silly currentTree +-- data-uri-to-buffer@0.0.4
21 silly currentTree +-- date-fns@1.28.5
21 silly currentTree +-- dateformat@2.0.0
21 silly currentTree +-- debug@2.6.8
21 silly currentTree +-- decamelize@1.2.0
21 silly currentTree +-- defaults@1.0.3
21 silly currentTree +-- defined@1.0.0
21 silly currentTree +-- del@2.2.2
21 silly currentTree | `-- object-assign@4.1.1
21 silly currentTree +-- deprecated@0.0.1
21 silly currentTree +-- detect-file@0.1.0
21 silly currentTree +-- detect-indent@4.0.0
21 silly currentTree +-- duplexer@0.1.1
21 silly currentTree +-- duplexer2@0.0.2
21 silly currentTree +-- duplexify@3.5.1
21 silly currentTree | +-- end-of-stream@1.4.0
21 silly currentTree | +-- isarray@1.0.0
21 silly currentTree | +-- once@1.4.0
21 silly currentTree | +-- readable-stream@2.3.3
21 silly currentTree | `-- string_decoder@1.0.3
21 silly currentTree +-- ej-angular2@15.3.29
21 silly currentTree +-- electron-to-chromium@1.3.19
21 silly currentTree +-- end-of-stream@0.1.5
21 silly currentTree +-- es5-ext@0.10.30
21 silly currentTree +-- es6-iterator@2.0.1
21 silly currentTree +-- es6-symbol@3.1.1
21 silly currentTree +-- es6-template-strings@2.0.1
21 silly currentTree +-- escape-string-regexp@1.0.5
21 silly currentTree +-- esniff@1.1.0
21 silly currentTree +-- esprima@2.7.3
21 silly currentTree +-- esutils@2.0.2
21 silly currentTree +-- event-stream@3.3.4
21 silly currentTree +-- expand-brackets@0.1.5
21 silly currentTree +-- expand-range@1.8.2
21 silly currentTree +-- expand-tilde@1.2.2
21 silly currentTree +-- extend-shallow@2.0.1
21 silly currentTree +-- extend@3.0.1
21 silly currentTree +-- extglob@0.3.2
21 silly currentTree +-- fancy-log@1.3.0
21 silly currentTree | +-- ansi-regex@2.1.1
21 silly currentTree | +-- ansi-styles@2.2.1
21 silly currentTree | +-- chalk@1.1.3
21 silly currentTree | +-- has-ansi@2.0.0
21 silly currentTree | +-- strip-ansi@3.0.1
21 silly currentTree | `-- supports-color@2.0.0
21 silly currentTree +-- filename-regex@2.0.1
21 silly currentTree +-- fill-range@2.2.3
21 silly currentTree +-- find-index@0.1.1
21 silly currentTree +-- findup-sync@0.4.3
21 silly currentTree +-- fined@1.1.0
21 silly currentTree | `-- expand-tilde@2.0.2
21 silly currentTree +-- first-chunk-stream@1.0.0
21 silly currentTree +-- flagged-respawn@0.3.2
21 silly currentTree +-- flatten@1.0.2
21 silly currentTree +-- for-in@1.0.2
21 silly currentTree +-- for-own@0.1.5
21 silly currentTree +-- fork-stream@0.0.4
21 silly currentTree +-- from@0.1.7
21 silly currentTree +-- fs-exists-sync@0.1.0
21 silly currentTree +-- fs.realpath@1.0.0
21 silly currentTree +-- function-bind@1.1.1
21 silly currentTree +-- gaze@0.5.2
21 silly currentTree +-- get-value@2.0.6
21 silly currentTree +-- glob-base@0.3.0
21 silly currentTree +-- glob-parent@2.0.0
21 silly currentTree +-- glob-stream@3.1.18
21 silly currentTree | +-- readable-stream@1.0.34
21 silly currentTree | `-- through2@0.6.5
21 silly currentTree +-- glob-watcher@0.0.6
21 silly currentTree +-- glob@4.5.3
21 silly currentTree +-- glob2base@0.0.12
21 silly currentTree +-- global-modules@0.2.3
21 silly currentTree +-- global-prefix@0.1.5
21 silly currentTree +-- globals@9.18.0
21 silly currentTree +-- globby@5.0.0
21 silly currentTree | +-- glob@7.1.2
21 silly currentTree | +-- minimatch@3.0.4
21 silly currentTree | `-- object-assign@4.1.1
21 silly currentTree +-- globule@0.1.0
21 silly currentTree | +-- glob@3.1.21
21 silly currentTree | +-- graceful-fs@1.2.3
21 silly currentTree | +-- inherits@1.0.2
21 silly currentTree | +-- lodash@1.0.2
21 silly currentTree | `-- minimatch@0.2.14
21 silly currentTree +-- glogg@1.0.0
21 silly currentTree +-- graceful-fs@3.0.11
21 silly currentTree +-- graceful-readlink@1.0.1
21 silly currentTree +-- group-array@0.3.3
21 silly currentTree +-- gulp-concat@2.6.1
21 silly currentTree | +-- clone-stats@1.0.0
21 silly currentTree | +-- clone@2.1.1
21 silly currentTree | +-- replace-ext@1.0.0
21 silly currentTree | `-- vinyl@2.1.0
21 silly currentTree +-- gulp-cssnano@2.1.2
21 silly currentTree | `-- object-assign@4.1.1
21 silly currentTree +-- gulp-if@2.0.2
21 silly currentTree +-- gulp-inject@4.2.0
21 silly currentTree +-- gulp-match@1.0.3
21 silly currentTree | `-- minimatch@3.0.4
21 silly currentTree +-- gulp-preprocess@2.0.0
21 silly currentTree | `-- lodash@3.10.1
21 silly currentTree +-- gulp-rev-replace@0.4.3
21 silly currentTree +-- gulp-rev@7.1.2
21 silly currentTree | `-- object-assign@4.1.1
21 silly currentTree +-- gulp-sourcemaps@1.6.0
21 silly currentTree | +-- graceful-fs@4.1.11
21 silly currentTree | +-- strip-bom@2.0.0
21 silly currentTree | `-- vinyl@1.2.0
21 silly currentTree +-- gulp-typescript@3.2.2
21 silly currentTree | +-- glob-parent@3.1.0
21 silly currentTree | +-- glob-stream@5.3.5
21 silly currentTree | | +-- isarray@0.0.1
21 silly currentTree | | +-- readable-stream@1.0.34
21 silly currentTree | | +-- string_decoder@0.10.31
21 silly currentTree | | `-- through2@0.6.5
21 silly currentTree | +-- glob@5.0.15
21 silly currentTree | +-- graceful-fs@4.1.11
21 silly currentTree | +-- is-extglob@2.1.1
21 silly currentTree | +-- is-glob@3.1.0
21 silly currentTree | +-- isarray@1.0.0
21 silly currentTree | +-- object-assign@4.1.1
21 silly currentTree | +-- ordered-read-streams@0.3.0
21 silly currentTree | +-- readable-stream@2.3.3
21 silly currentTree | +-- string_decoder@1.0.3
21 silly currentTree | +-- strip-bom@2.0.0
21 silly currentTree | +-- unique-stream@2.2.1
21 silly currentTree | +-- vinyl-fs@2.4.4
21 silly currentTree | `-- vinyl@1.2.0
21 silly currentTree +-- gulp-useref@3.1.2
21 silly currentTree | +-- glob-parent@3.1.0
21 silly currentTree | +-- glob-stream@5.3.5
21 silly currentTree | | +-- glob@5.0.15
21 silly currentTree | | +-- isarray@0.0.1
21 silly currentTree | | +-- readable-stream@1.0.34
21 silly currentTree | | +-- string_decoder@0.10.31
21 silly currentTree | | `-- through2@0.6.5
21 silly currentTree | +-- glob@7.1.2
21 silly currentTree | +-- graceful-fs@4.1.11
21 silly currentTree | +-- is-extglob@2.1.1
21 silly currentTree | +-- is-glob@3.1.0
21 silly currentTree | +-- isarray@1.0.0
21 silly currentTree | +-- minimatch@3.0.4
21 silly currentTree | +-- object-assign@4.1.1
21 silly currentTree | +-- ordered-read-streams@0.3.0
21 silly currentTree | +-- readable-stream@2.3.3
21 silly currentTree | +-- string_decoder@1.0.3
21 silly currentTree | +-- strip-bom@2.0.0
21 silly currentTree | +-- unique-stream@2.2.1
21 silly currentTree | +-- vinyl-fs@2.4.4
21 silly currentTree | `-- vinyl@1.2.0
21 silly currentTree +-- gulp-util@3.0.8
21 silly currentTree | +-- ansi-regex@2.1.1
21 silly currentTree | +-- ansi-styles@2.2.1
21 silly currentTree | +-- chalk@1.1.3
21 silly currentTree | +-- has-ansi@2.0.0
21 silly currentTree | +-- strip-ansi@3.0.1
21 silly currentTree | `-- supports-color@2.0.0
21 silly currentTree +-- gulp@3.9.1
21 silly currentTree | +-- ansi-regex@2.1.1
21 silly currentTree | +-- ansi-styles@2.2.1
21 silly currentTree | +-- chalk@1.1.3
21 silly currentTree | +-- has-ansi@2.0.0
21 silly currentTree | +-- strip-ansi@3.0.1
21 silly currentTree | `-- supports-color@2.0.0
21 silly currentTree +-- gulplog@1.0.0
21 silly currentTree +-- has-ansi@0.1.0
21 silly currentTree +-- has-flag@1.0.0
21 silly currentTree +-- has-gulplog@0.1.0
21 silly currentTree +-- has@1.0.1
21 silly currentTree +-- home-or-tmp@2.0.0
21 silly currentTree +-- homedir-polyfill@1.0.1
21 silly currentTree +-- html-comment-regex@1.1.1
21 silly currentTree +-- indexes-of@1.0.1
21 silly currentTree +-- inflight@1.0.6
21 silly currentTree +-- inherits@2.0.3
21 silly currentTree +-- ini@1.3.4
21 silly currentTree +-- interpret@1.0.3
21 silly currentTree +-- invariant@2.2.2
21 silly currentTree +-- is-absolute-url@2.1.0
21 silly currentTree +-- is-absolute@0.2.6
21 silly currentTree +-- is-buffer@1.1.5
21 silly currentTree +-- is-dotfile@1.0.3
21 silly currentTree +-- is-equal-shallow@0.1.3
21 silly currentTree +-- is-extendable@0.1.1
21 silly currentTree +-- is-extglob@1.0.0
21 silly currentTree +-- is-finite@1.0.2
21 silly currentTree +-- is-glob@2.0.1
21 silly currentTree +-- is-number@2.1.0
21 silly currentTree +-- is-path-cwd@1.0.0
21 silly currentTree +-- is-path-in-cwd@1.0.0
21 silly currentTree +-- is-path-inside@1.0.0
21 silly currentTree +-- is-plain-obj@1.1.0
21 silly currentTree +-- is-plain-object@2.0.4
21 silly currentTree | `-- isobject@3.0.1
21 silly currentTree +-- is-posix-bracket@0.1.1
21 silly currentTree +-- is-primitive@2.0.0
21 silly currentTree +-- is-relative-url@1.0.0
21 silly currentTree | `-- is-absolute-url@1.0.0
21 silly currentTree +-- is-relative@0.2.1
21 silly currentTree +-- is-stream@1.1.0
21 silly currentTree +-- is-svg@2.1.0
21 silly currentTree +-- is-unc-path@0.1.2
21 silly currentTree +-- is-utf8@0.2.1
21 silly currentTree +-- is-valid-glob@0.3.0
21 silly currentTree +-- is-windows@0.2.0
21 silly currentTree +-- isarray@0.0.1
21 silly currentTree +-- isexe@2.0.0
21 silly currentTree +-- isobject@2.1.0
21 silly currentTree | `-- isarray@1.0.0
21 silly currentTree +-- jquery-validation@1.17.0
21 silly currentTree +-- jquery@3.2.1
21 silly currentTree +-- js-base64@2.1.9
21 silly currentTree +-- js-tokens@3.0.2
21 silly currentTree +-- js-yaml@3.7.0
21 silly currentTree +-- jsesc@1.3.0
21 silly currentTree +-- json-stable-stringify@1.0.1
21 silly currentTree +-- json5@0.5.1
21 silly currentTree +-- jsonify@0.0.0
21 silly currentTree +-- jsrender@0.9.88
21 silly currentTree +-- kind-of@3.2.2
21 silly currentTree +-- lazy-cache@1.0.4
21 silly currentTree +-- lazystream@1.0.0
21 silly currentTree | +-- isarray@1.0.0
21 silly currentTree | +-- readable-stream@2.3.3
21 silly currentTree | `-- string_decoder@1.0.3
21 silly currentTree +-- liftoff@2.3.0
21 silly currentTree +-- lodash._basecopy@3.0.1
21 silly currentTree +-- lodash._basetostring@3.0.1
21 silly currentTree +-- lodash._basevalues@3.0.0
21 silly currentTree +-- lodash._getnative@3.9.1
21 silly currentTree +-- lodash._isiterateecall@3.0.9
21 silly currentTree +-- lodash._reescape@3.0.0
21 silly currentTree +-- lodash._reevaluate@3.0.0
21 silly currentTree +-- lodash._reinterpolate@3.0.0
21 silly currentTree +-- lodash._root@3.0.1
21 silly currentTree +-- lodash.escape@3.2.0
21 silly currentTree +-- lodash.isarguments@3.1.0
21 silly currentTree +-- lodash.isarray@3.0.4
21 silly currentTree +-- lodash.isequal@4.5.0
21 silly currentTree +-- lodash.isplainobject@4.0.6
21 silly currentTree +-- lodash.isstring@4.0.1
21 silly currentTree +-- lodash.keys@3.1.2
21 silly currentTree +-- lodash.mapvalues@4.6.0
21 silly currentTree +-- lodash.memoize@4.1.2
21 silly currentTree +-- lodash.restparam@3.6.1
21 silly currentTree +-- lodash.template@3.6.2
21 silly currentTree +-- lodash.templatesettings@3.1.1
21 silly currentTree +-- lodash.uniq@4.5.0
21 silly currentTree +-- lodash@4.17.4
21 silly currentTree +-- longest@1.0.1
21 silly currentTree +-- loose-envify@1.3.1
21 silly currentTree +-- lru-cache@2.7.3
21 silly currentTree +-- macaddress@0.2.8
21 silly currentTree +-- map-cache@0.2.2
21 silly currentTree +-- map-stream@0.1.0
21 silly currentTree +-- math-expression-evaluator@1.2.17
21 silly currentTree +-- merge-stream@1.0.1
21 silly currentTree | +-- isarray@1.0.0
21 silly currentTree | +-- readable-stream@2.3.3
21 silly currentTree | `-- string_decoder@1.0.3
21 silly currentTree +-- micromatch@2.3.11
21 silly currentTree +-- minimatch@2.0.10
21 silly currentTree +-- minimist@1.2.0
21 silly currentTree +-- mkdirp@0.5.1
21 silly currentTree | `-- minimist@0.0.8
21 silly currentTree +-- modify-filename@1.1.0
21 silly currentTree +-- ms@2.0.0
21 silly currentTree +-- multipipe@0.1.2
21 silly currentTree +-- natives@1.1.0
21 silly currentTree +-- normalize-path@2.1.1
21 silly currentTree +-- normalize-range@0.1.2
21 silly currentTree +-- normalize-url@1.9.1
21 silly currentTree | `-- object-assign@4.1.1
21 silly currentTree +-- num2fraction@1.2.2
21 silly currentTree +-- number-is-nan@1.0.1
21 silly currentTree +-- object-assign@3.0.0
21 silly currentTree +-- object.defaults@1.1.0
21 silly currentTree | +-- for-own@1.0.0
21 silly currentTree | `-- isobject@3.0.1
21 silly currentTree +-- object.omit@2.0.1
21 silly currentTree +-- object.pick@1.3.0
21 silly currentTree | `-- isobject@3.0.1
21 silly currentTree +-- once@1.3.3
21 silly currentTree +-- orchestrator@0.3.8
21 silly currentTree +-- ordered-read-streams@0.1.0
21 silly currentTree +-- os-homedir@1.0.2
21 silly currentTree +-- os-tmpdir@1.0.2
21 silly currentTree +-- parse-filepath@1.0.1
21 silly currentTree +-- parse-glob@3.0.4
21 silly currentTree +-- parse-passwd@1.0.0
21 silly currentTree +-- path-dirname@1.0.2
21 silly currentTree +-- path-is-absolute@1.0.1
21 silly currentTree +-- path-is-inside@1.0.2
21 silly currentTree +-- path-parse@1.0.5
21 silly currentTree +-- path-root-regex@0.1.2
21 silly currentTree +-- path-root@0.1.1
21 silly currentTree +-- pause-stream@0.0.11
21 silly currentTree +-- pify@2.3.0
21 silly currentTree +-- pinkie-promise@2.0.1
21 silly currentTree +-- pinkie@2.0.4
21 silly currentTree +-- postcss-calc@5.3.1
21 silly currentTree +-- postcss-colormin@2.2.2
21 silly currentTree +-- postcss-convert-values@2.6.1
21 silly currentTree +-- postcss-discard-comments@2.0.4
21 silly currentTree +-- postcss-discard-duplicates@2.1.0
21 silly currentTree +-- postcss-discard-empty@2.1.0
21 silly currentTree +-- postcss-discard-overridden@0.1.1
21 silly currentTree +-- postcss-discard-unused@2.2.3
21 silly currentTree +-- postcss-filter-plugins@2.0.2
21 silly currentTree +-- postcss-merge-idents@2.1.7
21 silly currentTree +-- postcss-merge-longhand@2.0.2
21 silly currentTree +-- postcss-merge-rules@2.1.2
21 silly currentTree +-- postcss-message-helpers@2.0.0
21 silly currentTree +-- postcss-minify-font-values@1.0.5
21 silly currentTree | `-- object-assign@4.1.1
21 silly currentTree +-- postcss-minify-gradients@1.0.5
21 silly currentTree +-- postcss-minify-params@1.2.2
21 silly currentTree +-- postcss-minify-selectors@2.1.1
21 silly currentTree +-- postcss-normalize-charset@1.1.1
21 silly currentTree +-- postcss-normalize-url@3.0.8
21 silly currentTree +-- postcss-ordered-values@2.2.3
21 silly currentTree +-- postcss-reduce-idents@2.4.0
21 silly currentTree +-- postcss-reduce-initial@1.0.1
21 silly currentTree +-- postcss-reduce-transforms@1.0.4
21 silly currentTree +-- postcss-selector-parser@2.2.3
21 silly currentTree +-- postcss-svgo@2.1.6
21 silly currentTree +-- postcss-unique-selectors@2.0.2
21 silly currentTree +-- postcss-value-parser@3.3.0
21 silly currentTree +-- postcss-zindex@2.2.0
21 silly currentTree +-- postcss@5.2.17
21 silly currentTree | +-- ansi-regex@2.1.1
21 silly currentTree | +-- ansi-styles@2.2.1
21 silly currentTree | +-- chalk@1.1.3
21 silly currentTree | | `-- supports-color@2.0.0
21 silly currentTree | +-- has-ansi@2.0.0
21 silly currentTree | `-- strip-ansi@3.0.1
21 silly currentTree +-- prepend-http@1.0.4
21 silly currentTree +-- preprocess@3.1.0
21 silly currentTree +-- preserve@0.2.0
21 silly currentTree +-- pretty-hrtime@1.0.3
21 silly currentTree +-- private@0.1.7
21 silly currentTree +-- process-nextick-args@1.0.7
21 silly currentTree +-- q@1.5.0
21 silly currentTree +-- query-string@4.3.4
21 silly currentTree | `-- object-assign@4.1.1
21 silly currentTree +-- randomatic@1.1.7
21 silly currentTree | +-- is-number@3.0.0
21 silly currentTree | | `-- kind-of@3.2.2
21 silly currentTree | `-- kind-of@4.0.0
21 silly currentTree +-- readable-stream@1.1.14
21 silly currentTree +-- rechoir@0.6.2
21 silly currentTree +-- reduce-css-calc@1.3.0
21 silly currentTree | `-- balanced-match@0.4.2
21 silly currentTree +-- reduce-function-call@1.0.2
21 silly currentTree | `-- balanced-match@0.4.2
21 silly currentTree +-- reflect-metadata@0.1.10
21 silly currentTree +-- regenerator-runtime@0.11.0
21 silly currentTree +-- regex-cache@0.4.3
21 silly currentTree +-- remove-trailing-separator@1.1.0
21 silly currentTree +-- repeat-element@1.1.2
21 silly currentTree +-- repeat-string@1.6.1
21 silly currentTree +-- repeating@2.0.1
21 silly currentTree +-- replace-ext@0.0.1
21 silly currentTree +-- require-dir@0.3.2
21 silly currentTree +-- resolve-dir@0.1.1
21 silly currentTree +-- resolve@1.4.0
21 silly currentTree +-- rev-hash@1.0.0
21 silly currentTree +-- rev-path@1.0.0
21 silly currentTree +-- right-align@0.1.3
21 silly currentTree +-- rimraf@2.6.1
21 silly currentTree | +-- glob@7.1.2
21 silly currentTree | `-- minimatch@3.0.4
21 silly currentTree +-- rollup@0.36.4
21 silly currentTree +-- rsvp@3.6.2
21 silly currentTree +-- run-sequence@1.2.2
21 silly currentTree +-- rx@2.3.24
21 silly currentTree +-- rxjs@5.4.3
21 silly currentTree +-- safe-buffer@5.1.1
21 silly currentTree +-- sax@1.2.4
21 silly currentTree +-- semver@4.3.6
21 silly currentTree +-- sequencify@0.0.7
21 silly currentTree +-- set-value@0.4.3
21 silly currentTree +-- sigmund@1.0.1
21 silly currentTree +-- sl-blip@1.0.0
21 silly currentTree +-- slash@1.0.0
21 silly currentTree +-- sort-keys@1.1.2
21 silly currentTree +-- source-map-support@0.4.16
21 silly currentTree +-- source-map@0.5.7
21 silly currentTree +-- sparkles@1.0.0
21 silly currentTree +-- spawn-command@0.0.2-1
21 silly currentTree +-- split-string@1.0.1
21 silly currentTree +-- split@0.3.3
21 silly currentTree +-- sprintf-js@1.0.3
21 silly currentTree +-- stream-combiner@0.0.4
21 silly currentTree +-- stream-consume@0.1.0
21 silly currentTree +-- stream-shift@1.0.0
21 silly currentTree +-- stream-to-array@2.3.0
21 silly currentTree +-- strict-uri-encode@1.1.0
21 silly currentTree +-- string_decoder@0.10.31
21 silly currentTree +-- strip-ansi@0.3.0
21 silly currentTree +-- strip-bom-stream@1.0.0
21 silly currentTree | `-- strip-bom@2.0.0
21 silly currentTree +-- strip-bom@1.0.0
21 silly currentTree +-- supports-color@3.2.3
21 silly currentTree +-- svgo@0.7.2
21 silly currentTree +-- symbol-observable@1.0.4
21 silly currentTree +-- syncfusion-ej-global@15.3.29
21 silly currentTree +-- syncfusion-javascript@15.3.29
21 silly currentTree +-- systemjs-builder@0.16.10
21 silly currentTree | +-- glob@7.1.2
21 silly currentTree | `-- minimatch@3.0.4
21 silly currentTree +-- systemjs@0.19.47
21 silly currentTree +-- ternary-stream@2.0.1
21 silly currentTree +-- through@2.3.8
21 silly currentTree +-- through2-filter@2.0.0
21 silly currentTree +-- through2@2.0.3
21 silly currentTree | +-- isarray@1.0.0
21 silly currentTree | +-- readable-stream@2.3.3
21 silly currentTree | `-- string_decoder@1.0.3
21 silly currentTree +-- tildify@1.2.0
21 silly currentTree +-- time-stamp@1.1.0
21 silly currentTree +-- to-absolute-glob@0.1.1
21 silly currentTree +-- to-fast-properties@1.0.3
21 silly currentTree +-- to-object-path@0.3.0
21 silly currentTree +-- traceur@0.0.105
21 silly currentTree | +-- commander@2.9.0
21 silly currentTree | +-- glob@5.0.15
21 silly currentTree | +-- source-map-support@0.2.10
21 silly currentTree | `-- source-map@0.1.32
21 silly currentTree +-- tree-kill@1.1.0
21 silly currentTree +-- trim-right@1.0.1
21 silly currentTree +-- tsc@1.20150623.0
21 silly currentTree +-- typescript@2.5.2
21 silly currentTree +-- uglify-js@2.8.29
21 silly currentTree +-- uglify-to-browserify@1.0.2
21 silly currentTree +-- unc-path-regex@0.1.2
21 silly currentTree +-- union-value@0.2.4
21 silly currentTree +-- uniq@1.0.1
21 silly currentTree +-- uniqid@4.1.1
21 silly currentTree +-- uniqs@2.0.0
21 silly currentTree +-- unique-stream@1.0.0
21 silly currentTree +-- user-home@1.1.1
21 silly currentTree +-- useref@1.2.0
21 silly currentTree +-- util-deprecate@1.0.2
21 silly currentTree +-- v8flags@2.1.1
21 silly currentTree +-- vali-date@1.0.0
21 silly currentTree +-- vendors@1.0.1
21 silly currentTree +-- vinyl-file@1.3.0
21 silly currentTree | +-- graceful-fs@4.1.11
21 silly currentTree | +-- strip-bom@2.0.0
21 silly currentTree | `-- vinyl@1.2.0
21 silly currentTree +-- vinyl-fs@0.3.14
21 silly currentTree | +-- clone@0.2.0
21 silly currentTree | +-- readable-stream@1.0.34
21 silly currentTree | +-- through2@0.6.5
21 silly currentTree | `-- vinyl@0.4.6
21 silly currentTree +-- vinyl-sourcemaps-apply@0.2.1
21 silly currentTree +-- vinyl@0.5.3
21 silly currentTree +-- when@3.7.8
21 silly currentTree +-- whet.extend@0.9.9
21 silly currentTree +-- which@1.3.0
21 silly currentTree +-- window-size@0.1.0
21 silly currentTree +-- wordwrap@0.0.2
21 silly currentTree +-- wrappy@1.0.2
21 silly currentTree +-- xregexp@3.1.0
21 silly currentTree +-- xtend@4.0.1
21 silly currentTree +-- yargs@3.10.0
21 silly currentTree +-- zone.js@0.7.8
21 silly currentTree `-- zone@0.3.4
22 silly idealTree angular2-getting-started@1.0.0
22 silly idealTree +-- @angular/common@2.4.10
22 silly idealTree +-- @angular/compiler@2.4.10
22 silly idealTree +-- @angular/core@2.4.10
22 silly idealTree +-- @angular/forms@2.4.10
22 silly idealTree +-- @angular/http@2.4.10
22 silly idealTree +-- @angular/platform-browser-dynamic@2.4.10
22 silly idealTree +-- @angular/platform-browser@2.4.10
22 silly idealTree +-- @angular/router@3.4.10
22 silly idealTree +-- @angular/upgrade@2.4.10
22 silly idealTree +-- align-text@0.1.4
22 silly idealTree +-- alphanum-sort@1.0.2
22 silly idealTree +-- amdefine@1.0.1
22 silly idealTree +-- ansi-regex@0.2.1
22 silly idealTree +-- ansi-styles@1.1.0
22 silly idealTree +-- any-promise@1.3.0
22 silly idealTree +-- archy@1.0.0
22 silly idealTree +-- argparse@1.0.9
22 silly idealTree +-- arr-diff@2.0.0
22 silly idealTree +-- arr-flatten@1.1.0
22 silly idealTree +-- arr-union@3.1.0
22 silly idealTree +-- array-differ@1.0.0
22 silly idealTree +-- array-each@1.0.1
22 silly idealTree +-- array-slice@1.0.0
22 silly idealTree +-- array-union@1.0.2
22 silly idealTree +-- array-uniq@1.0.3
22 silly idealTree +-- array-unique@0.2.1
22 silly idealTree +-- arrify@1.0.1
22 silly idealTree +-- autoprefixer@6.7.7
22 silly idealTree +-- babel-code-frame@6.26.0
22 silly idealTree | +-- ansi-regex@2.1.1
22 silly idealTree | +-- ansi-styles@2.2.1
22 silly idealTree | +-- chalk@1.1.3
22 silly idealTree | +-- has-ansi@2.0.0
22 silly idealTree | +-- strip-ansi@3.0.1
22 silly idealTree | `-- supports-color@2.0.0
22 silly idealTree +-- babel-core@6.26.0
22 silly idealTree | `-- minimatch@3.0.4
22 silly idealTree +-- babel-generator@6.26.0
22 silly idealTree +-- babel-helper-hoist-variables@6.24.1
22 silly idealTree +-- babel-helpers@6.24.1
22 silly idealTree +-- babel-messages@6.23.0
22 silly idealTree +-- babel-plugin-syntax-dynamic-import@6.18.0
22 silly idealTree +-- babel-plugin-transform-amd-system-wrapper@0.3.7
22 silly idealTree +-- babel-plugin-transform-cjs-system-wrapper@0.6.2
22 silly idealTree +-- babel-plugin-transform-es2015-modules-systemjs@6.24.1
22 silly idealTree +-- babel-plugin-transform-global-system-wrapper@0.3.4
22 silly idealTree +-- babel-plugin-transform-system-register@0.0.1
22 silly idealTree +-- babel-register@6.26.0
22 silly idealTree +-- babel-runtime@6.26.0
22 silly idealTree +-- babel-template@6.26.0
22 silly idealTree +-- babel-traverse@6.26.0
22 silly idealTree +-- babel-types@6.26.0
22 silly idealTree +-- babylon@6.18.0
22 silly idealTree +-- balanced-match@1.0.0
22 silly idealTree +-- beeper@1.1.1
22 silly idealTree +-- bluebird@3.5.0
22 silly idealTree +-- bootstrap@3.3.7
22 silly idealTree +-- brace-expansion@1.1.8
22 silly idealTree +-- braces@1.8.5
22 silly idealTree +-- browserslist@1.7.7
22 silly idealTree +-- camelcase@1.2.1
22 silly idealTree +-- caniuse-api@1.6.1
22 silly idealTree +-- caniuse-db@1.0.30000721
22 silly idealTree +-- center-align@0.1.3
22 silly idealTree +-- chalk@0.5.1
22 silly idealTree | `-- supports-color@0.2.0
22 silly idealTree +-- clap@1.2.0
22 silly idealTree | +-- ansi-regex@2.1.1
22 silly idealTree | +-- ansi-styles@2.2.1
22 silly idealTree | +-- chalk@1.1.3
22 silly idealTree | +-- has-ansi@2.0.0
22 silly idealTree | +-- strip-ansi@3.0.1
22 silly idealTree | `-- supports-color@2.0.0
22 silly idealTree +-- cliui@2.1.0
22 silly idealTree +-- clone-buffer@1.0.0
22 silly idealTree +-- clone-stats@0.0.1
22 silly idealTree +-- clone@1.0.2
22 silly idealTree +-- cloneable-readable@1.0.0
22 silly idealTree +-- coa@1.0.4
22 silly idealTree +-- color-convert@1.9.0
22 silly idealTree +-- color-name@1.1.3
22 silly idealTree +-- color-string@0.3.0
22 silly idealTree +-- color@0.11.4
22 silly idealTree +-- colormin@1.1.2
22 silly idealTree +-- colors@1.1.2
22 silly idealTree +-- commander@2.6.0
22 silly idealTree +-- concat-map@0.0.1
22 silly idealTree +-- concat-with-sourcemaps@1.0.4
22 silly idealTree +-- concurrently@3.5.0
22 silly idealTree +-- convert-source-map@1.5.0
22 silly idealTree +-- core-js@2.5.1
22 silly idealTree +-- core-util-is@1.0.2
22 silly idealTree +-- css-color-names@0.0.4
22 silly idealTree +-- cssnano@3.10.0
22 silly idealTree | `-- object-assign@4.1.1
22 silly idealTree +-- csso@2.3.2
22 silly idealTree +-- d@1.0.0
22 silly idealTree +-- data-uri-to-buffer@0.0.4
22 silly idealTree +-- date-fns@1.28.5
22 silly idealTree +-- dateformat@2.0.0
22 silly idealTree +-- debug@2.6.8
22 silly idealTree +-- decamelize@1.2.0
22 silly idealTree +-- defaults@1.0.3
22 silly idealTree +-- defined@1.0.0
22 silly idealTree +-- del@2.2.2
22 silly idealTree | `-- object-assign@4.1.1
22 silly idealTree +-- deprecated@0.0.1
22 silly idealTree +-- detect-file@0.1.0
22 silly idealTree +-- detect-indent@4.0.0
22 silly idealTree +-- duplexer@0.1.1
22 silly idealTree +-- duplexer2@0.0.2
22 silly idealTree +-- duplexify@3.5.1
22 silly idealTree | +-- end-of-stream@1.4.0
22 silly idealTree | +-- isarray@1.0.0
22 silly idealTree | +-- once@1.4.0
22 silly idealTree | +-- readable-stream@2.3.3
22 silly idealTree | `-- string_decoder@1.0.3
22 silly idealTree +-- ej-angular2@15.3.29
22 silly idealTree +-- electron-to-chromium@1.3.19
22 silly idealTree +-- end-of-stream@0.1.5
22 silly idealTree +-- es5-ext@0.10.30
22 silly idealTree +-- es6-iterator@2.0.1
22 silly idealTree +-- es6-symbol@3.1.1
22 silly idealTree +-- es6-template-strings@2.0.1
22 silly idealTree +-- escape-string-regexp@1.0.5
22 silly idealTree +-- esniff@1.1.0
22 silly idealTree +-- esprima@2.7.3
22 silly idealTree +-- esutils@2.0.2
22 silly idealTree +-- event-stream@3.3.4
22 silly idealTree +-- expand-brackets@0.1.5
22 silly idealTree +-- expand-range@1.8.2
22 silly idealTree +-- expand-tilde@1.2.2
22 silly idealTree +-- extend-shallow@2.0.1
22 silly idealTree +-- extend@3.0.1
22 silly idealTree +-- extglob@0.3.2
22 silly idealTree +-- fancy-log@1.3.0
22 silly idealTree | +-- ansi-regex@2.1.1
22 silly idealTree | +-- ansi-styles@2.2.1
22 silly idealTree | +-- chalk@1.1.3
22 silly idealTree | +-- has-ansi@2.0.0
22 silly idealTree | +-- strip-ansi@3.0.1
22 silly idealTree | `-- supports-color@2.0.0
22 silly idealTree +-- filename-regex@2.0.1
22 silly idealTree +-- fill-range@2.2.3
22 silly idealTree +-- find-index@0.1.1
22 silly idealTree +-- findup-sync@0.4.3
22 silly idealTree +-- fined@1.1.0
22 silly idealTree | `-- expand-tilde@2.0.2
22 silly idealTree +-- first-chunk-stream@1.0.0
22 silly idealTree +-- flagged-respawn@0.3.2
22 silly idealTree +-- flatten@1.0.2
22 silly idealTree +-- for-in@1.0.2
22 silly idealTree +-- for-own@0.1.5
22 silly idealTree +-- fork-stream@0.0.4
22 silly idealTree +-- from@0.1.7
22 silly idealTree +-- fs-exists-sync@0.1.0
22 silly idealTree +-- fs.realpath@1.0.0
22 silly idealTree +-- function-bind@1.1.1
22 silly idealTree +-- gaze@0.5.2
22 silly idealTree +-- get-value@2.0.6
22 silly idealTree +-- glob-base@0.3.0
22 silly idealTree +-- glob-parent@2.0.0
22 silly idealTree +-- glob-stream@3.1.18
22 silly idealTree | +-- readable-stream@1.0.34
22 silly idealTree | `-- through2@0.6.5
22 silly idealTree +-- glob-watcher@0.0.6
22 silly idealTree +-- glob@4.5.3
22 silly idealTree +-- glob2base@0.0.12
22 silly idealTree +-- global-modules@0.2.3
22 silly idealTree +-- global-prefix@0.1.5
22 silly idealTree +-- globals@9.18.0
22 silly idealTree +-- globby@5.0.0
22 silly idealTree | +-- glob@7.1.2
22 silly idealTree | +-- minimatch@3.0.4
22 silly idealTree | `-- object-assign@4.1.1
22 silly idealTree +-- globule@0.1.0
22 silly idealTree | +-- glob@3.1.21
22 silly idealTree | +-- graceful-fs@1.2.3
22 silly idealTree | +-- inherits@1.0.2
22 silly idealTree | +-- lodash@1.0.2
22 silly idealTree | `-- minimatch@0.2.14
22 silly idealTree +-- glogg@1.0.0
22 silly idealTree +-- graceful-fs@3.0.11
22 silly idealTree +-- graceful-readlink@1.0.1
22 silly idealTree +-- group-array@0.3.3
22 silly idealTree +-- gulp-concat@2.6.1
22 silly idealTree | +-- clone-stats@1.0.0
22 silly idealTree | +-- clone@2.1.1
22 silly idealTree | +-- replace-ext@1.0.0
22 silly idealTree | `-- vinyl@2.1.0
22 silly idealTree +-- gulp-cssnano@2.1.2
22 silly idealTree | `-- object-assign@4.1.1
22 silly idealTree +-- gulp-if@2.0.2
22 silly idealTree +-- gulp-inject@4.2.0
22 silly idealTree +-- gulp-match@1.0.3
22 silly idealTree | `-- minimatch@3.0.4
22 silly idealTree +-- gulp-preprocess@2.0.0
22 silly idealTree | `-- lodash@3.10.1
22 silly idealTree +-- gulp-rev-replace@0.4.3
22 silly idealTree +-- gulp-rev@7.1.2
22 silly idealTree | `-- object-assign@4.1.1
22 silly idealTree +-- gulp-sourcemaps@1.6.0
22 silly idealTree | +-- graceful-fs@4.1.11
22 silly idealTree | +-- strip-bom@2.0.0
22 silly idealTree | `-- vinyl@1.2.0
22 silly idealTree +-- gulp-typescript@3.2.2
22 silly idealTree | +-- glob-parent@3.1.0
22 silly idealTree | +-- glob-stream@5.3.5
22 silly idealTree | | +-- isarray@0.0.1
22 silly idealTree | | +-- readable-stream@1.0.34
22 silly idealTree | | +-- string_decoder@0.10.31
22 silly idealTree | | `-- through2@0.6.5
22 silly idealTree | +-- glob@5.0.15
22 silly idealTree | +-- graceful-fs@4.1.11
22 silly idealTree | +-- is-extglob@2.1.1
22 silly idealTree | +-- is-glob@3.1.0
22 silly idealTree | +-- isarray@1.0.0
22 silly idealTree | +-- object-assign@4.1.1
22 silly idealTree | +-- ordered-read-streams@0.3.0
22 silly idealTree | +-- readable-stream@2.3.3
22 silly idealTree | +-- string_decoder@1.0.3
22 silly idealTree | +-- strip-bom@2.0.0
22 silly idealTree | +-- unique-stream@2.2.1
22 silly idealTree | +-- vinyl-fs@2.4.4
22 silly idealTree | `-- vinyl@1.2.0
22 silly idealTree +-- gulp-useref@3.1.2
22 silly idealTree | +-- glob-parent@3.1.0
22 silly idealTree | +-- glob-stream@5.3.5
22 silly idealTree | | +-- glob@5.0.15
22 silly idealTree | | +-- isarray@0.0.1
22 silly idealTree | | +-- readable-stream@1.0.34
22 silly idealTree | | +-- string_decoder@0.10.31
22 silly idealTree | | `-- through2@0.6.5
22 silly idealTree | +-- glob@7.1.2
22 silly idealTree | +-- graceful-fs@4.1.11
22 silly idealTree | +-- is-extglob@2.1.1
22 silly idealTree | +-- is-glob@3.1.0
22 silly idealTree | +-- isarray@1.0.0
22 silly idealTree | +-- minimatch@3.0.4
22 silly idealTree | +-- object-assign@4.1.1
22 silly idealTree | +-- ordered-read-streams@0.3.0
22 silly idealTree | +-- readable-stream@2.3.3
22 silly idealTree | +-- string_decoder@1.0.3
22 silly idealTree | +-- strip-bom@2.0.0
22 silly idealTree | +-- unique-stream@2.2.1
22 silly idealTree | +-- vinyl-fs@2.4.4
22 silly idealTree | `-- vinyl@1.2.0
22 silly idealTree +-- gulp-util@3.0.8
22 silly idealTree | +-- ansi-regex@2.1.1
22 silly idealTree | +-- ansi-styles@2.2.1
22 silly idealTree | +-- chalk@1.1.3
22 silly idealTree | +-- has-ansi@2.0.0
22 silly idealTree | +-- strip-ansi@3.0.1
22 silly idealTree | `-- supports-color@2.0.0
22 silly idealTree +-- gulp@3.9.1
22 silly idealTree | +-- ansi-regex@2.1.1
22 silly idealTree | +-- ansi-styles@2.2.1
22 silly idealTree | +-- chalk@1.1.3
22 silly idealTree | +-- has-ansi@2.0.0
22 silly idealTree | +-- strip-ansi@3.0.1
22 silly idealTree | `-- supports-color@2.0.0
22 silly idealTree +-- gulplog@1.0.0
22 silly idealTree +-- has-ansi@0.1.0
22 silly idealTree +-- has-flag@1.0.0
22 silly idealTree +-- has-gulplog@0.1.0
22 silly idealTree +-- has@1.0.1
22 silly idealTree +-- home-or-tmp@2.0.0
22 silly idealTree +-- homedir-polyfill@1.0.1
22 silly idealTree +-- html-comment-regex@1.1.1
22 silly idealTree +-- indexes-of@1.0.1
22 silly idealTree +-- inflight@1.0.6
22 silly idealTree +-- inherits@2.0.3
22 silly idealTree +-- ini@1.3.4
22 silly idealTree +-- interpret@1.0.3
22 silly idealTree +-- invariant@2.2.2
22 silly idealTree +-- is-absolute-url@2.1.0
22 silly idealTree +-- is-absolute@0.2.6
22 silly idealTree +-- is-buffer@1.1.5
22 silly idealTree +-- is-dotfile@1.0.3
22 silly idealTree +-- is-equal-shallow@0.1.3
22 silly idealTree +-- is-extendable@0.1.1
22 silly idealTree +-- is-extglob@1.0.0
22 silly idealTree +-- is-finite@1.0.2
22 silly idealTree +-- is-glob@2.0.1
22 silly idealTree +-- is-number@2.1.0
22 silly idealTree +-- is-path-cwd@1.0.0
22 silly idealTree +-- is-path-in-cwd@1.0.0
22 silly idealTree +-- is-path-inside@1.0.0
22 silly idealTree +-- is-plain-obj@1.1.0
22 silly idealTree +-- is-plain-object@2.0.4
22 silly idealTree | `-- isobject@3.0.1
22 silly idealTree +-- is-posix-bracket@0.1.1
22 silly idealTree +-- is-primitive@2.0.0
22 silly idealTree +-- is-relative-url@1.0.0
22 silly idealTree | `-- is-absolute-url@1.0.0
22 silly idealTree +-- is-relative@0.2.1
22 silly idealTree +-- is-stream@1.1.0
22 silly idealTree +-- is-svg@2.1.0
22 silly idealTree +-- is-unc-path@0.1.2
22 silly idealTree +-- is-utf8@0.2.1
22 silly idealTree +-- is-valid-glob@0.3.0
22 silly idealTree +-- is-windows@0.2.0
22 silly idealTree +-- isarray@0.0.1
22 silly idealTree +-- isexe@2.0.0
22 silly idealTree +-- isobject@2.1.0
22 silly idealTree | `-- isarray@1.0.0
22 silly idealTree +-- jquery-validation@1.17.0
22 silly idealTree +-- jquery@3.2.1
22 silly idealTree +-- js-base64@2.1.9
22 silly idealTree +-- js-tokens@3.0.2
22 silly idealTree +-- js-yaml@3.7.0
22 silly idealTree +-- jsesc@1.3.0
22 silly idealTree +-- json-stable-stringify@1.0.1
22 silly idealTree +-- json5@0.5.1
22 silly idealTree +-- jsonify@0.0.0
22 silly idealTree +-- jsrender@0.9.88
22 silly idealTree +-- kind-of@3.2.2
22 silly idealTree +-- lazy-cache@1.0.4
22 silly idealTree +-- lazystream@1.0.0
22 silly idealTree | +-- isarray@1.0.0
22 silly idealTree | +-- readable-stream@2.3.3
22 silly idealTree | `-- string_decoder@1.0.3
22 silly idealTree +-- liftoff@2.3.0
22 silly idealTree +-- lodash._basecopy@3.0.1
22 silly idealTree +-- lodash._basetostring@3.0.1
22 silly idealTree +-- lodash._basevalues@3.0.0
22 silly idealTree +-- lodash._getnative@3.9.1
22 silly idealTree +-- lodash._isiterateecall@3.0.9
22 silly idealTree +-- lodash._reescape@3.0.0
22 silly idealTree +-- lodash._reevaluate@3.0.0
22 silly idealTree +-- lodash._reinterpolate@3.0.0
22 silly idealTree +-- lodash._root@3.0.1
22 silly idealTree +-- lodash.escape@3.2.0
22 silly idealTree +-- lodash.isarguments@3.1.0
22 silly idealTree +-- lodash.isarray@3.0.4
22 silly idealTree +-- lodash.isequal@4.5.0
22 silly idealTree +-- lodash.isplainobject@4.0.6
22 silly idealTree +-- lodash.isstring@4.0.1
22 silly idealTree +-- lodash.keys@3.1.2
22 silly idealTree +-- lodash.mapvalues@4.6.0
22 silly idealTree +-- lodash.memoize@4.1.2
22 silly idealTree +-- lodash.restparam@3.6.1
22 silly idealTree +-- lodash.template@3.6.2
22 silly idealTree +-- lodash.templatesettings@3.1.1
22 silly idealTree +-- lodash.uniq@4.5.0
22 silly idealTree +-- lodash@4.17.4
22 silly idealTree +-- longest@1.0.1
22 silly idealTree +-- loose-envify@1.3.1
22 silly idealTree +-- lru-cache@2.7.3
22 silly idealTree +-- macaddress@0.2.8
22 silly idealTree +-- map-cache@0.2.2
22 silly idealTree +-- map-stream@0.1.0
22 silly idealTree +-- math-expression-evaluator@1.2.17
22 silly idealTree +-- merge-stream@1.0.1
22 silly idealTree | +-- isarray@1.0.0
22 silly idealTree | +-- readable-stream@2.3.3
22 silly idealTree | `-- string_decoder@1.0.3
22 silly idealTree +-- micromatch@2.3.11
22 silly idealTree +-- minimatch@2.0.10
22 silly idealTree +-- minimist@1.2.0
22 silly idealTree +-- mkdirp@0.5.1
22 silly idealTree | `-- minimist@0.0.8
22 silly idealTree +-- modify-filename@1.1.0
22 silly idealTree +-- ms@2.0.0
22 silly idealTree +-- multipipe@0.1.2
22 silly idealTree +-- natives@1.1.0
22 silly idealTree +-- normalize-path@2.1.1
22 silly idealTree +-- normalize-range@0.1.2
22 silly idealTree +-- normalize-url@1.9.1
22 silly idealTree | `-- object-assign@4.1.1
22 silly idealTree +-- num2fraction@1.2.2
22 silly idealTree +-- number-is-nan@1.0.1
22 silly idealTree +-- object-assign@3.0.0
22 silly idealTree +-- object.defaults@1.1.0
22 silly idealTree | +-- for-own@1.0.0
22 silly idealTree | `-- isobject@3.0.1
22 silly idealTree +-- object.omit@2.0.1
22 silly idealTree +-- object.pick@1.3.0
22 silly idealTree | `-- isobject@3.0.1
22 silly idealTree +-- once@1.3.3
22 silly idealTree +-- orchestrator@0.3.8
22 silly idealTree +-- ordered-read-streams@0.1.0
22 silly idealTree +-- os-homedir@1.0.2
22 silly idealTree +-- os-tmpdir@1.0.2
22 silly idealTree +-- parse-filepath@1.0.1
22 silly idealTree +-- parse-glob@3.0.4
22 silly idealTree +-- parse-passwd@1.0.0
22 silly idealTree +-- path-dirname@1.0.2
22 silly idealTree +-- path-is-absolute@1.0.1
22 silly idealTree +-- path-is-inside@1.0.2
22 silly idealTree +-- path-parse@1.0.5
22 silly idealTree +-- path-root-regex@0.1.2
22 silly idealTree +-- path-root@0.1.1
22 silly idealTree +-- pause-stream@0.0.11
22 silly idealTree +-- pify@2.3.0
22 silly idealTree +-- pinkie-promise@2.0.1
22 silly idealTree +-- pinkie@2.0.4
22 silly idealTree +-- postcss-calc@5.3.1
22 silly idealTree +-- postcss-colormin@2.2.2
22 silly idealTree +-- postcss-convert-values@2.6.1
22 silly idealTree +-- postcss-discard-comments@2.0.4
22 silly idealTree +-- postcss-discard-duplicates@2.1.0
22 silly idealTree +-- postcss-discard-empty@2.1.0
22 silly idealTree +-- postcss-discard-overridden@0.1.1
22 silly idealTree +-- postcss-discard-unused@2.2.3
22 silly idealTree +-- postcss-filter-plugins@2.0.2
22 silly idealTree +-- postcss-merge-idents@2.1.7
22 silly idealTree +-- postcss-merge-longhand@2.0.2
22 silly idealTree +-- postcss-merge-rules@2.1.2
22 silly idealTree +-- postcss-message-helpers@2.0.0
22 silly idealTree +-- postcss-minify-font-values@1.0.5
22 silly idealTree | `-- object-assign@4.1.1
22 silly idealTree +-- postcss-minify-gradients@1.0.5
22 silly idealTree +-- postcss-minify-params@1.2.2
22 silly idealTree +-- postcss-minify-selectors@2.1.1
22 silly idealTree +-- postcss-normalize-charset@1.1.1
22 silly idealTree +-- postcss-normalize-url@3.0.8
22 silly idealTree +-- postcss-ordered-values@2.2.3
22 silly idealTree +-- postcss-reduce-idents@2.4.0
22 silly idealTree +-- postcss-reduce-initial@1.0.1
22 silly idealTree +-- postcss-reduce-transforms@1.0.4
22 silly idealTree +-- postcss-selector-parser@2.2.3
22 silly idealTree +-- postcss-svgo@2.1.6
22 silly idealTree +-- postcss-unique-selectors@2.0.2
22 silly idealTree +-- postcss-value-parser@3.3.0
22 silly idealTree +-- postcss-zindex@2.2.0
22 silly idealTree +-- postcss@5.2.17
22 silly idealTree | +-- ansi-regex@2.1.1
22 silly idealTree | +-- ansi-styles@2.2.1
22 silly idealTree | +-- chalk@1.1.3
22 silly idealTree | | `-- supports-color@2.0.0
22 silly idealTree | +-- has-ansi@2.0.0
22 silly idealTree | `-- strip-ansi@3.0.1
22 silly idealTree +-- prepend-http@1.0.4
22 silly idealTree +-- preprocess@3.1.0
22 silly idealTree +-- preserve@0.2.0
22 silly idealTree +-- pretty-hrtime@1.0.3
22 silly idealTree +-- private@0.1.7
22 silly idealTree +-- process-nextick-args@1.0.7
22 silly idealTree +-- q@1.5.0
22 silly idealTree +-- query-string@4.3.4
22 silly idealTree | `-- object-assign@4.1.1
22 silly idealTree +-- randomatic@1.1.7
22 silly idealTree | +-- is-number@3.0.0
22 silly idealTree | | `-- kind-of@3.2.2
22 silly idealTree | `-- kind-of@4.0.0
22 silly idealTree +-- readable-stream@1.1.14
22 silly idealTree +-- rechoir@0.6.2
22 silly idealTree +-- reduce-css-calc@1.3.0
22 silly idealTree | `-- balanced-match@0.4.2
22 silly idealTree +-- reduce-function-call@1.0.2
22 silly idealTree | `-- balanced-match@0.4.2
22 silly idealTree +-- reflect-metadata@0.1.10
22 silly idealTree +-- regenerator-runtime@0.11.0
22 silly idealTree +-- regex-cache@0.4.3
22 silly idealTree +-- remove-trailing-separator@1.1.0
22 silly idealTree +-- repeat-element@1.1.2
22 silly idealTree +-- repeat-string@1.6.1
22 silly idealTree +-- repeating@2.0.1
22 silly idealTree +-- replace-ext@0.0.1
22 silly idealTree +-- require-dir@0.3.2
22 silly idealTree +-- resolve-dir@0.1.1
22 silly idealTree +-- resolve@1.4.0
22 silly idealTree +-- rev-hash@1.0.0
22 silly idealTree +-- rev-path@1.0.0
22 silly idealTree +-- right-align@0.1.3
22 silly idealTree +-- rimraf@2.6.1
22 silly idealTree | +-- glob@7.1.2
22 silly idealTree | `-- minimatch@3.0.4
22 silly idealTree +-- rollup@0.36.4
22 silly idealTree +-- rsvp@3.6.2
22 silly idealTree +-- run-sequence@1.2.2
22 silly idealTree +-- rx@2.3.24
22 silly idealTree +-- rxjs@5.4.3
22 silly idealTree +-- safe-buffer@5.1.1
22 silly idealTree +-- sax@1.2.4
22 silly idealTree +-- semver@4.3.6
22 silly idealTree +-- sequencify@0.0.7
22 silly idealTree +-- set-value@0.4.3
22 silly idealTree +-- sigmund@1.0.1
22 silly idealTree +-- sl-blip@1.0.0
22 silly idealTree +-- slash@1.0.0
22 silly idealTree +-- sort-keys@1.1.2
22 silly idealTree +-- source-map-support@0.4.16
22 silly idealTree +-- source-map@0.5.7
22 silly idealTree +-- sparkles@1.0.0
22 silly idealTree +-- spawn-command@0.0.2-1
22 silly idealTree +-- split-string@1.0.1
22 silly idealTree +-- split@0.3.3
22 silly idealTree +-- sprintf-js@1.0.3
22 silly idealTree +-- stream-combiner@0.0.4
22 silly idealTree +-- stream-consume@0.1.0
22 silly idealTree +-- stream-shift@1.0.0
22 silly idealTree +-- stream-to-array@2.3.0
22 silly idealTree +-- strict-uri-encode@1.1.0
22 silly idealTree +-- string_decoder@0.10.31
22 silly idealTree +-- strip-ansi@0.3.0
22 silly idealTree +-- strip-bom-stream@1.0.0
22 silly idealTree | `-- strip-bom@2.0.0
22 silly idealTree +-- strip-bom@1.0.0
22 silly idealTree +-- supports-color@3.2.3
22 silly idealTree +-- svgo@0.7.2
22 silly idealTree +-- symbol-observable@1.0.4
22 silly idealTree +-- syncfusion-ej-global@15.3.29
22 silly idealTree +-- syncfusion-javascript@15.3.29
22 silly idealTree +-- systemjs-builder@0.16.10
22 silly idealTree | +-- glob@7.1.2
22 silly idealTree | `-- minimatch@3.0.4
22 silly idealTree +-- systemjs@0.19.47
22 silly idealTree +-- ternary-stream@2.0.1
22 silly idealTree +-- through@2.3.8
22 silly idealTree +-- through2-filter@2.0.0
22 silly idealTree +-- through2@2.0.3
22 silly idealTree | +-- isarray@1.0.0
22 silly idealTree | +-- readable-stream@2.3.3
22 silly idealTree | `-- string_decoder@1.0.3
22 silly idealTree +-- tildify@1.2.0
22 silly idealTree +-- time-stamp@1.1.0
22 silly idealTree +-- to-absolute-glob@0.1.1
22 silly idealTree +-- to-fast-properties@1.0.3
22 silly idealTree +-- to-object-path@0.3.0
22 silly idealTree +-- traceur@0.0.105
22 silly idealTree | +-- commander@2.9.0
22 silly idealTree | +-- glob@5.0.15
22 silly idealTree | +-- source-map-support@0.2.10
22 silly idealTree | `-- source-map@0.1.32
22 silly idealTree +-- tree-kill@1.1.0
22 silly idealTree +-- trim-right@1.0.1
22 silly idealTree +-- tsc@1.20150623.0
22 silly idealTree +-- typescript@2.5.2
22 silly idealTree +-- uglify-js@2.8.29
22 silly idealTree +-- uglify-to-browserify@1.0.2
22 silly idealTree +-- unc-path-regex@0.1.2
22 silly idealTree +-- union-value@0.2.4
22 silly idealTree +-- uniq@1.0.1
22 silly idealTree +-- uniqid@4.1.1
22 silly idealTree +-- uniqs@2.0.0
22 silly idealTree +-- unique-stream@1.0.0
22 silly idealTree +-- user-home@1.1.1
22 silly idealTree +-- useref@1.2.0
22 silly idealTree +-- util-deprecate@1.0.2
22 silly idealTree +-- v8flags@2.1.1
22 silly idealTree +-- vali-date@1.0.0
22 silly idealTree +-- vendors@1.0.1
22 silly idealTree +-- vinyl-file@1.3.0
22 silly idealTree | +-- graceful-fs@4.1.11
22 silly idealTree | +-- strip-bom@2.0.0
22 silly idealTree | `-- vinyl@1.2.0
22 silly idealTree +-- vinyl-fs@0.3.14
22 silly idealTree | +-- clone@0.2.0
22 silly idealTree | +-- readable-stream@1.0.34
22 silly idealTree | +-- through2@0.6.5
22 silly idealTree | `-- vinyl@0.4.6
22 silly idealTree +-- vinyl-sourcemaps-apply@0.2.1
22 silly idealTree +-- vinyl@0.5.3
22 silly idealTree +-- when@3.7.8
22 silly idealTree +-- whet.extend@0.9.9
22 silly idealTree +-- which@1.3.0
22 silly idealTree +-- window-size@0.1.0
22 silly idealTree +-- wordwrap@0.0.2
22 silly idealTree +-- wrappy@1.0.2
22 silly idealTree +-- xregexp@3.1.0
22 silly idealTree +-- xtend@4.0.1
22 silly idealTree +-- yargs@3.10.0
22 silly idealTree +-- zone.js@0.7.8
22 silly idealTree `-- zone@0.3.4
23 silly generateActionsToTake Starting
24 silly install generateActionsToTake
25 silly generateActionsToTake Finishing
26 silly diffTrees action count 0
27 silly decomposeActions action count 0
28 silly runTopLevelLifecycles Starting
29 silly install runPreinstallTopLevelLifecycles
30 silly preinstall angular2-getting-started@1.0.0 D:\project\tfs_tinyerp\client\angular2-getting-started-36796d17
31 info lifecycle angular2-getting-started@1.0.0~preinstall: angular2-getting-started@1.0.0
32 silly lifecycle angular2-getting-started@1.0.0~preinstall: no script for preinstall, continuing
33 silly executeActions Starting
34 silly install executeActions
35 silly doSerial global-install 0
36 silly doParallel fetch 0
37 verbose correctMkdir C:\Users\This PC\AppData\Roaming\npm-cache\_locks correctMkdir not in flight; initializing
38 verbose lock using C:\Users\This PC\AppData\Roaming\npm-cache\_locks\staging-a7571a4f1accc108.lock for D:\project\tfs_tinyerp\client\node_modules\.staging
39 silly doParallel extract 0
40 silly doParallel preinstall 0
41 silly doReverseSerial remove 0
42 silly doSerial move 0
43 silly doSerial finalize 0
44 silly doSerial build 0
45 silly doSerial global-link 0
46 silly doParallel update-linked 0
47 silly doSerial install 0
48 silly doSerial postinstall 0
49 verbose unlock done using C:\Users\This PC\AppData\Roaming\npm-cache\_locks\staging-a7571a4f1accc108.lock for D:\project\tfs_tinyerp\client\node_modules\.staging
50 silly executeActions Finishing
51 silly rollbackFailedOptional Starting
52 silly rollbackFailedOptional Finishing
53 silly install runPostinstallTopLevelLifecycles
54 silly build angular2-getting-started@1.0.0
55 info linkStuff angular2-getting-started@1.0.0
56 silly linkStuff angular2-getting-started@1.0.0 has D:\project\tfs_tinyerp as its parent node_modules
57 verbose linkBins angular2-getting-started@1.0.0
58 verbose linkMans angular2-getting-started@1.0.0
59 silly install angular2-getting-started@1.0.0 D:\project\tfs_tinyerp\client\angular2-getting-started-36796d17
60 info lifecycle angular2-getting-started@1.0.0~install: angular2-getting-started@1.0.0
61 silly lifecycle angular2-getting-started@1.0.0~install: no script for install, continuing
62 silly postinstall angular2-getting-started@1.0.0 D:\project\tfs_tinyerp\client\angular2-getting-started-36796d17
63 info lifecycle angular2-getting-started@1.0.0~postinstall: angular2-getting-started@1.0.0
64 verbose lifecycle angular2-getting-started@1.0.0~postinstall: unsafe-perm in lifecycle true
65 verbose lifecycle angular2-getting-started@1.0.0~postinstall: PATH: C:\Program Files\nodejs\node_modules\npm\bin\node-gyp-bin;D:\project\tfs_tinyerp\client\node_modules\.bin;C:\WINDOWS\system32;C:\WINDOWS;C:\WINDOWS\System32\Wbem;C:\WINDOWS\System32\WindowsPowerShell\v1.0\;C:\Program Files (x86)\Skype\Phone\;C:\Program Files\Microsoft SQL Server\130\Tools\Binn\;C:\Program Files\dotnet\;C:\Program Files\Microsoft SQL Server\Client SDK\ODBC\130\Tools\Binn\;C:\Program Files (x86)\Microsoft SQL Server\130\Tools\Binn\;C:\Program Files\Microsoft SQL Server\130\DTS\Binn\;C:\Program Files (x86)\Microsoft SQL Server\Client SDK\ODBC\130\Tools\Binn\;C:\Program Files (x86)\Microsoft SQL Server\140\Tools\Binn\;C:\Program Files (x86)\Microsoft SQL Server\140\DTS\Binn\;C:\Program Files (x86)\Microsoft SQL Server\140\Tools\Binn\ManagementStudio\;C:\Program Files\nodejs\;C:\Program Files (x86)\Windows Live\Shared;C:\Users\This PC\AppData\Local\Microsoft\WindowsApps;C:\Program Files (x86)\Microsoft VS Code\bin;C:\Users\This PC\AppData\Roaming\npm
66 verbose lifecycle angular2-getting-started@1.0.0~postinstall: CWD: D:\project\tfs_tinyerp\client
67 silly lifecycle angular2-getting-started@1.0.0~postinstall: Args: [ '/d /s /c', 'typings install' ]
68 silly lifecycle angular2-getting-started@1.0.0~postinstall: Returned: code: 1  signal: null
69 info lifecycle angular2-getting-started@1.0.0~postinstall: Failed to exec postinstall script
70 warn angular2-getting-started@1.0.0 No repository field.
71 verbose If you need help, you may report this error at:
71 verbose     <https://github.com/npm/npm/issues>
72 verbose stack Error: angular2-getting-started@1.0.0 postinstall: `typings install`
72 verbose stack Exit status 1
72 verbose stack     at EventEmitter.<anonymous> (C:\Program Files\nodejs\node_modules\npm\lib\utils\lifecycle.js:255:16)
72 verbose stack     at emitTwo (events.js:106:13)
72 verbose stack     at EventEmitter.emit (events.js:191:7)
72 verbose stack     at ChildProcess.<anonymous> (C:\Program Files\nodejs\node_modules\npm\lib\utils\spawn.js:40:14)
72 verbose stack     at emitTwo (events.js:106:13)
72 verbose stack     at ChildProcess.emit (events.js:191:7)
72 verbose stack     at maybeClose (internal/child_process.js:891:16)
72 verbose stack     at Process.ChildProcess._handle.onexit (internal/child_process.js:226:5)
73 verbose pkgid angular2-getting-started@1.0.0
74 verbose cwd D:\project\tfs_tinyerp\client
75 error Windows_NT 10.0.15063
76 error argv "C:\\Program Files\\nodejs\\node.exe" "C:\\Program Files\\nodejs\\node_modules\\npm\\bin\\npm-cli.js" "install"
77 error node v6.11.1
78 error npm  v3.10.10
79 error code ELIFECYCLE
80 error angular2-getting-started@1.0.0 postinstall: `typings install`
80 error Exit status 1
81 error Failed at the angular2-getting-started@1.0.0 postinstall script 'typings install'.
81 error Make sure you have the latest version of node.js and npm installed.
81 error If you do, this is most likely a problem with the angular2-getting-started package,
81 error not with npm itself.
81 error Tell the author that this fails on your system:
81 error     typings install
81 error You can get information on how to open an issue for this project with:
81 error     npm bugs angular2-getting-started
81 error Or if that isn't available, you can get their info via:
81 error     npm owner ls angular2-getting-started
81 error There is likely additional logging output above.
82 verbose exit [ 1, true ]
